{"C:\\Users\\swagm\\Documents\\Projects\\Revature\\foundations_project\\src\\repository\\ticketDAO.js": {"path":"C:\\Users\\swagm\\Documents\\Projects\\Revature\\foundations_project\\src\\repository\\ticketDAO.js","statementMap":{"0":{"start":{"line":1,"column":27},"end":{"line":1,"column":62}},"1":{"start":{"line":2,"column":74},"end":{"line":2,"column":106}},"2":{"start":{"line":3,"column":19},"end":{"line":3,"column":44}},"3":{"start":{"line":5,"column":15},"end":{"line":5,"column":56}},"4":{"start":{"line":6,"column":23},"end":{"line":6,"column":58}},"5":{"start":{"line":8,"column":18},"end":{"line":8,"column":36}},"6":{"start":{"line":11,"column":20},"end":{"line":14,"column":6}},"7":{"start":{"line":16,"column":4},"end":{"line":23,"column":5}},"8":{"start":{"line":17,"column":21},"end":{"line":17,"column":55}},"9":{"start":{"line":18,"column":8},"end":{"line":18,"column":79}},"10":{"start":{"line":19,"column":8},"end":{"line":19,"column":20}},"11":{"start":{"line":21,"column":8},"end":{"line":21,"column":28}},"12":{"start":{"line":22,"column":8},"end":{"line":22,"column":20}},"13":{"start":{"line":27,"column":20},"end":{"line":33,"column":6}},"14":{"start":{"line":35,"column":4},"end":{"line":42,"column":5}},"15":{"start":{"line":36,"column":21},"end":{"line":36,"column":55}},"16":{"start":{"line":37,"column":8},"end":{"line":37,"column":88}},"17":{"start":{"line":38,"column":8},"end":{"line":38,"column":26}},"18":{"start":{"line":40,"column":8},"end":{"line":40,"column":28}},"19":{"start":{"line":41,"column":8},"end":{"line":41,"column":20}},"20":{"start":{"line":96,"column":20},"end":{"line":102,"column":6}},"21":{"start":{"line":104,"column":4},"end":{"line":111,"column":5}},"22":{"start":{"line":105,"column":21},"end":{"line":105,"column":55}},"23":{"start":{"line":106,"column":8},"end":{"line":106,"column":82}},"24":{"start":{"line":107,"column":8},"end":{"line":107,"column":26}},"25":{"start":{"line":109,"column":8},"end":{"line":109,"column":28}},"26":{"start":{"line":110,"column":8},"end":{"line":110,"column":20}},"27":{"start":{"line":115,"column":20},"end":{"line":120,"column":6}},"28":{"start":{"line":122,"column":4},"end":{"line":129,"column":5}},"29":{"start":{"line":123,"column":21},"end":{"line":123,"column":55}},"30":{"start":{"line":124,"column":8},"end":{"line":124,"column":82}},"31":{"start":{"line":125,"column":8},"end":{"line":125,"column":29}},"32":{"start":{"line":127,"column":8},"end":{"line":127,"column":28}},"33":{"start":{"line":128,"column":8},"end":{"line":128,"column":20}},"34":{"start":{"line":133,"column":20},"end":{"line":136,"column":10}},"35":{"start":{"line":138,"column":8},"end":{"line":145,"column":9}},"36":{"start":{"line":139,"column":25},"end":{"line":139,"column":59}},"37":{"start":{"line":140,"column":12},"end":{"line":140,"column":85}},"38":{"start":{"line":141,"column":12},"end":{"line":141,"column":30}},"39":{"start":{"line":143,"column":12},"end":{"line":143,"column":32}},"40":{"start":{"line":144,"column":12},"end":{"line":144,"column":24}},"41":{"start":{"line":148,"column":0},"end":{"line":155,"column":2}}},"fnMap":{"0":{"name":"postTicket","decl":{"start":{"line":10,"column":15},"end":{"line":10,"column":25}},"loc":{"start":{"line":10,"column":34},"end":{"line":24,"column":1}},"line":10},"1":{"name":"getAllPendingTickets","decl":{"start":{"line":26,"column":15},"end":{"line":26,"column":35}},"loc":{"start":{"line":26,"column":38},"end":{"line":43,"column":1}},"line":26},"2":{"name":"getTicketsByStatus","decl":{"start":{"line":45,"column":15},"end":{"line":45,"column":33}},"loc":{"start":{"line":45,"column":66},"end":{"line":93,"column":1}},"line":45},"3":{"name":"getTicketsByUsername","decl":{"start":{"line":95,"column":15},"end":{"line":95,"column":35}},"loc":{"start":{"line":95,"column":46},"end":{"line":112,"column":1}},"line":95},"4":{"name":"getTicketById","decl":{"start":{"line":114,"column":15},"end":{"line":114,"column":28}},"loc":{"start":{"line":114,"column":39},"end":{"line":130,"column":1}},"line":114},"5":{"name":"countTickets","decl":{"start":{"line":132,"column":15},"end":{"line":132,"column":27}},"loc":{"start":{"line":132,"column":30},"end":{"line":146,"column":1}},"line":132}},"branchMap":{"0":{"loc":{"start":{"line":45,"column":34},"end":{"line":45,"column":49}},"type":"default-arg","locations":[{"start":{"line":45,"column":45},"end":{"line":45,"column":49}}],"line":45},"1":{"loc":{"start":{"line":45,"column":51},"end":{"line":45,"column":64}},"type":"default-arg","locations":[{"start":{"line":45,"column":60},"end":{"line":45,"column":64}}],"line":45}},"s":{"0":1,"1":1,"2":1,"3":1,"4":1,"5":1,"6":0,"7":0,"8":0,"9":0,"10":0,"11":0,"12":0,"13":0,"14":0,"15":0,"16":0,"17":0,"18":0,"19":0,"20":0,"21":0,"22":0,"23":0,"24":0,"25":0,"26":0,"27":0,"28":0,"29":0,"30":0,"31":0,"32":0,"33":0,"34":0,"35":0,"36":0,"37":0,"38":0,"39":0,"40":0,"41":1},"f":{"0":0,"1":0,"2":0,"3":0,"4":0,"5":0},"b":{"0":[0],"1":[0]},"_coverageSchema":"1a1c01bbd47fc00a2c39e90264f33305004495a9","hash":"887d7a5a075f53ca47c91d7921b3b0f4f6c270f2"}
,"C:\\Users\\swagm\\Documents\\Projects\\Revature\\foundations_project\\src\\repository\\userDAO.js": {"path":"C:\\Users\\swagm\\Documents\\Projects\\Revature\\foundations_project\\src\\repository\\userDAO.js","statementMap":{"0":{"start":{"line":1,"column":27},"end":{"line":1,"column":62}},"1":{"start":{"line":2,"column":74},"end":{"line":2,"column":106}},"2":{"start":{"line":3,"column":19},"end":{"line":3,"column":44}},"3":{"start":{"line":5,"column":15},"end":{"line":5,"column":56}},"4":{"start":{"line":6,"column":23},"end":{"line":6,"column":58}},"5":{"start":{"line":8,"column":18},"end":{"line":8,"column":34}},"6":{"start":{"line":11,"column":20},"end":{"line":14,"column":6}},"7":{"start":{"line":16,"column":4},"end":{"line":23,"column":5}},"8":{"start":{"line":17,"column":21},"end":{"line":17,"column":55}},"9":{"start":{"line":18,"column":8},"end":{"line":18,"column":79}},"10":{"start":{"line":19,"column":8},"end":{"line":19,"column":20}},"11":{"start":{"line":21,"column":8},"end":{"line":21,"column":28}},"12":{"start":{"line":22,"column":8},"end":{"line":22,"column":20}},"13":{"start":{"line":27,"column":20},"end":{"line":32,"column":6}},"14":{"start":{"line":34,"column":4},"end":{"line":41,"column":5}},"15":{"start":{"line":35,"column":21},"end":{"line":35,"column":55}},"16":{"start":{"line":36,"column":8},"end":{"line":36,"column":81}},"17":{"start":{"line":37,"column":8},"end":{"line":37,"column":29}},"18":{"start":{"line":39,"column":8},"end":{"line":39,"column":28}},"19":{"start":{"line":40,"column":8},"end":{"line":40,"column":20}},"20":{"start":{"line":45,"column":20},"end":{"line":50,"column":6}},"21":{"start":{"line":52,"column":4},"end":{"line":59,"column":5}},"22":{"start":{"line":53,"column":21},"end":{"line":53,"column":55}},"23":{"start":{"line":54,"column":8},"end":{"line":54,"column":82}},"24":{"start":{"line":55,"column":8},"end":{"line":55,"column":29}},"25":{"start":{"line":57,"column":8},"end":{"line":57,"column":28}},"26":{"start":{"line":58,"column":8},"end":{"line":58,"column":20}},"27":{"start":{"line":62,"column":0},"end":{"line":66,"column":2}}},"fnMap":{"0":{"name":"postUser","decl":{"start":{"line":10,"column":15},"end":{"line":10,"column":23}},"loc":{"start":{"line":10,"column":30},"end":{"line":24,"column":1}},"line":10},"1":{"name":"getUserByUsername","decl":{"start":{"line":26,"column":15},"end":{"line":26,"column":32}},"loc":{"start":{"line":26,"column":43},"end":{"line":42,"column":1}},"line":26},"2":{"name":"getUserById","decl":{"start":{"line":44,"column":15},"end":{"line":44,"column":26}},"loc":{"start":{"line":44,"column":35},"end":{"line":60,"column":1}},"line":44}},"branchMap":{},"s":{"0":1,"1":1,"2":1,"3":1,"4":1,"5":1,"6":0,"7":0,"8":0,"9":0,"10":0,"11":0,"12":0,"13":0,"14":0,"15":0,"16":0,"17":0,"18":0,"19":0,"20":0,"21":0,"22":0,"23":0,"24":0,"25":0,"26":0,"27":1},"f":{"0":0,"1":0,"2":0},"b":{},"_coverageSchema":"1a1c01bbd47fc00a2c39e90264f33305004495a9","hash":"bbe5223fcfd5e1b618366e1daff9f20d9c18185d"}
,"C:\\Users\\swagm\\Documents\\Projects\\Revature\\foundations_project\\src\\service\\ticketService.js": {"path":"C:\\Users\\swagm\\Documents\\Projects\\Revature\\foundations_project\\src\\service\\ticketService.js","statementMap":{"0":{"start":{"line":1,"column":18},"end":{"line":1,"column":52}},"1":{"start":{"line":2,"column":19},"end":{"line":2,"column":44}},"2":{"start":{"line":4,"column":13},"end":{"line":4,"column":14}},"3":{"start":{"line":8,"column":4},"end":{"line":28,"column":5}},"4":{"start":{"line":9,"column":8},"end":{"line":9,"column":48}},"5":{"start":{"line":10,"column":11},"end":{"line":28,"column":5}},"6":{"start":{"line":11,"column":21},"end":{"line":18,"column":10}},"7":{"start":{"line":19,"column":8},"end":{"line":19,"column":68}},"8":{"start":{"line":20,"column":8},"end":{"line":20,"column":17}},"9":{"start":{"line":21,"column":8},"end":{"line":21,"column":24}},"10":{"start":{"line":23,"column":22},"end":{"line":23,"column":49}},"11":{"start":{"line":24,"column":8},"end":{"line":24,"column":107}},"12":{"start":{"line":24,"column":64},"end":{"line":24,"column":106}},"13":{"start":{"line":25,"column":8},"end":{"line":25,"column":128}},"14":{"start":{"line":25,"column":81},"end":{"line":25,"column":127}},"15":{"start":{"line":26,"column":8},"end":{"line":26,"column":76}},"16":{"start":{"line":27,"column":8},"end":{"line":27,"column":23}},"17":{"start":{"line":32,"column":17},"end":{"line":32,"column":55}},"18":{"start":{"line":33,"column":4},"end":{"line":39,"column":5}},"19":{"start":{"line":34,"column":8},"end":{"line":34,"column":70}},"20":{"start":{"line":35,"column":8},"end":{"line":35,"column":61}},"21":{"start":{"line":35,"column":34},"end":{"line":35,"column":59}},"22":{"start":{"line":37,"column":8},"end":{"line":37,"column":78}},"23":{"start":{"line":38,"column":8},"end":{"line":38,"column":20}},"24":{"start":{"line":44,"column":4},"end":{"line":56,"column":5}},"25":{"start":{"line":45,"column":21},"end":{"line":45,"column":67}},"26":{"start":{"line":46,"column":8},"end":{"line":52,"column":9}},"27":{"start":{"line":47,"column":12},"end":{"line":47,"column":78}},"28":{"start":{"line":48,"column":12},"end":{"line":48,"column":65}},"29":{"start":{"line":48,"column":38},"end":{"line":48,"column":63}},"30":{"start":{"line":50,"column":12},"end":{"line":50,"column":80}},"31":{"start":{"line":51,"column":12},"end":{"line":51,"column":42}},"32":{"start":{"line":54,"column":8},"end":{"line":54,"column":53}},"33":{"start":{"line":55,"column":8},"end":{"line":55,"column":35}},"34":{"start":{"line":71,"column":4},"end":{"line":80,"column":5}},"35":{"start":{"line":72,"column":21},"end":{"line":72,"column":60}},"36":{"start":{"line":73,"column":8},"end":{"line":79,"column":9}},"37":{"start":{"line":74,"column":12},"end":{"line":74,"column":71}},"38":{"start":{"line":75,"column":12},"end":{"line":75,"column":24}},"39":{"start":{"line":77,"column":12},"end":{"line":77,"column":63}},"40":{"start":{"line":78,"column":12},"end":{"line":78,"column":24}},"41":{"start":{"line":84,"column":4},"end":{"line":107,"column":5}},"42":{"start":{"line":85,"column":23},"end":{"line":85,"column":67}},"43":{"start":{"line":86,"column":8},"end":{"line":86,"column":65}},"44":{"start":{"line":87,"column":8},"end":{"line":103,"column":9}},"45":{"start":{"line":88,"column":32},"end":{"line":88,"column":38}},"46":{"start":{"line":89,"column":12},"end":{"line":89,"column":98}},"47":{"start":{"line":90,"column":12},"end":{"line":90,"column":51}},"48":{"start":{"line":91,"column":12},"end":{"line":91,"column":76}},"49":{"start":{"line":92,"column":25},"end":{"line":92,"column":66}},"50":{"start":{"line":93,"column":12},"end":{"line":99,"column":13}},"51":{"start":{"line":94,"column":16},"end":{"line":94,"column":82}},"52":{"start":{"line":95,"column":16},"end":{"line":95,"column":28}},"53":{"start":{"line":97,"column":16},"end":{"line":97,"column":79}},"54":{"start":{"line":98,"column":16},"end":{"line":98,"column":28}},"55":{"start":{"line":101,"column":12},"end":{"line":101,"column":65}},"56":{"start":{"line":102,"column":12},"end":{"line":102,"column":26}},"57":{"start":{"line":105,"column":8},"end":{"line":105,"column":59}},"58":{"start":{"line":106,"column":8},"end":{"line":106,"column":50}},"59":{"start":{"line":111,"column":19},"end":{"line":111,"column":48}},"60":{"start":{"line":113,"column":4},"end":{"line":115,"column":5}},"61":{"start":{"line":114,"column":8},"end":{"line":114,"column":68}},"62":{"start":{"line":117,"column":4},"end":{"line":119,"column":52}},"63":{"start":{"line":117,"column":48},"end":{"line":117,"column":62}},"64":{"start":{"line":118,"column":9},"end":{"line":119,"column":52}},"65":{"start":{"line":118,"column":53},"end":{"line":118,"column":194}},"66":{"start":{"line":119,"column":11},"end":{"line":119,"column":50}},"67":{"start":{"line":123,"column":25},"end":{"line":123,"column":42}},"68":{"start":{"line":124,"column":28},"end":{"line":124,"column":32}},"69":{"start":{"line":125,"column":4},"end":{"line":126,"column":26}},"70":{"start":{"line":125,"column":38},"end":{"line":125,"column":88}},"71":{"start":{"line":126,"column":11},"end":{"line":126,"column":24}},"72":{"start":{"line":127,"column":4},"end":{"line":127,"column":47}},"73":{"start":{"line":131,"column":4},"end":{"line":131,"column":34}},"74":{"start":{"line":135,"column":4},"end":{"line":135,"column":46}},"75":{"start":{"line":138,"column":0},"end":{"line":138,"column":15}},"76":{"start":{"line":140,"column":0},"end":{"line":148,"column":1}}},"fnMap":{"0":{"name":"postTicket","decl":{"start":{"line":6,"column":15},"end":{"line":6,"column":25}},"loc":{"start":{"line":6,"column":40},"end":{"line":29,"column":1}},"line":6},"1":{"name":"getAllPendingTickets","decl":{"start":{"line":31,"column":15},"end":{"line":31,"column":35}},"loc":{"start":{"line":31,"column":38},"end":{"line":41,"column":1}},"line":31},"2":{"name":"(anonymous_2)","decl":{"start":{"line":35,"column":25},"end":{"line":35,"column":26}},"loc":{"start":{"line":35,"column":34},"end":{"line":35,"column":59}},"line":35},"3":{"name":"getTicketsByUsername","decl":{"start":{"line":43,"column":15},"end":{"line":43,"column":35}},"loc":{"start":{"line":43,"column":46},"end":{"line":57,"column":1}},"line":43},"4":{"name":"(anonymous_4)","decl":{"start":{"line":48,"column":29},"end":{"line":48,"column":30}},"loc":{"start":{"line":48,"column":38},"end":{"line":48,"column":63}},"line":48},"5":{"name":"getTicketsByStatus","decl":{"start":{"line":59,"column":15},"end":{"line":59,"column":33}},"loc":{"start":{"line":59,"column":66},"end":{"line":68,"column":1}},"line":59},"6":{"name":"getTicketById","decl":{"start":{"line":70,"column":15},"end":{"line":70,"column":28}},"loc":{"start":{"line":70,"column":39},"end":{"line":81,"column":1}},"line":70},"7":{"name":"handleTicket","decl":{"start":{"line":83,"column":15},"end":{"line":83,"column":27}},"loc":{"start":{"line":83,"column":54},"end":{"line":108,"column":1}},"line":83},"8":{"name":"verifyLegalProcess","decl":{"start":{"line":110,"column":15},"end":{"line":110,"column":33}},"loc":{"start":{"line":110,"column":54},"end":{"line":120,"column":1}},"line":110},"9":{"name":"validateTicket","decl":{"start":{"line":122,"column":9},"end":{"line":122,"column":23}},"loc":{"start":{"line":122,"column":32},"end":{"line":128,"column":1}},"line":122},"10":{"name":"checkAccess","decl":{"start":{"line":130,"column":9},"end":{"line":130,"column":20}},"loc":{"start":{"line":130,"column":27},"end":{"line":132,"column":1}},"line":130},"11":{"name":"countTickets","decl":{"start":{"line":134,"column":15},"end":{"line":134,"column":27}},"loc":{"start":{"line":134,"column":30},"end":{"line":136,"column":1}},"line":134}},"branchMap":{"0":{"loc":{"start":{"line":8,"column":4},"end":{"line":28,"column":5}},"type":"if","locations":[{"start":{"line":8,"column":4},"end":{"line":28,"column":5}},{"start":{"line":10,"column":11},"end":{"line":28,"column":5}}],"line":8},"1":{"loc":{"start":{"line":10,"column":11},"end":{"line":28,"column":5}},"type":"if","locations":[{"start":{"line":10,"column":11},"end":{"line":28,"column":5}},{"start":{"line":22,"column":11},"end":{"line":28,"column":5}}],"line":10},"2":{"loc":{"start":{"line":24,"column":8},"end":{"line":24,"column":107}},"type":"if","locations":[{"start":{"line":24,"column":8},"end":{"line":24,"column":107}},{"start":{},"end":{}}],"line":24},"3":{"loc":{"start":{"line":24,"column":12},"end":{"line":24,"column":60}},"type":"binary-expr","locations":[{"start":{"line":24,"column":12},"end":{"line":24,"column":38}},{"start":{"line":24,"column":42},"end":{"line":24,"column":60}}],"line":24},"4":{"loc":{"start":{"line":25,"column":8},"end":{"line":25,"column":128}},"type":"if","locations":[{"start":{"line":25,"column":8},"end":{"line":25,"column":128}},{"start":{},"end":{}}],"line":25},"5":{"loc":{"start":{"line":25,"column":12},"end":{"line":25,"column":77}},"type":"binary-expr","locations":[{"start":{"line":25,"column":12},"end":{"line":25,"column":43}},{"start":{"line":25,"column":47},"end":{"line":25,"column":77}}],"line":25},"6":{"loc":{"start":{"line":33,"column":4},"end":{"line":39,"column":5}},"type":"if","locations":[{"start":{"line":33,"column":4},"end":{"line":39,"column":5}},{"start":{"line":36,"column":11},"end":{"line":39,"column":5}}],"line":33},"7":{"loc":{"start":{"line":44,"column":4},"end":{"line":56,"column":5}},"type":"if","locations":[{"start":{"line":44,"column":4},"end":{"line":56,"column":5}},{"start":{"line":53,"column":11},"end":{"line":56,"column":5}}],"line":44},"8":{"loc":{"start":{"line":46,"column":8},"end":{"line":52,"column":9}},"type":"if","locations":[{"start":{"line":46,"column":8},"end":{"line":52,"column":9}},{"start":{"line":49,"column":15},"end":{"line":52,"column":9}}],"line":46},"9":{"loc":{"start":{"line":59,"column":34},"end":{"line":59,"column":49}},"type":"default-arg","locations":[{"start":{"line":59,"column":45},"end":{"line":59,"column":49}}],"line":59},"10":{"loc":{"start":{"line":59,"column":51},"end":{"line":59,"column":64}},"type":"default-arg","locations":[{"start":{"line":59,"column":60},"end":{"line":59,"column":64}}],"line":59},"11":{"loc":{"start":{"line":71,"column":4},"end":{"line":80,"column":5}},"type":"if","locations":[{"start":{"line":71,"column":4},"end":{"line":80,"column":5}},{"start":{},"end":{}}],"line":71},"12":{"loc":{"start":{"line":73,"column":8},"end":{"line":79,"column":9}},"type":"if","locations":[{"start":{"line":73,"column":8},"end":{"line":79,"column":9}},{"start":{"line":76,"column":15},"end":{"line":79,"column":9}}],"line":73},"13":{"loc":{"start":{"line":84,"column":4},"end":{"line":107,"column":5}},"type":"if","locations":[{"start":{"line":84,"column":4},"end":{"line":107,"column":5}},{"start":{"line":104,"column":11},"end":{"line":107,"column":5}}],"line":84},"14":{"loc":{"start":{"line":87,"column":8},"end":{"line":103,"column":9}},"type":"if","locations":[{"start":{"line":87,"column":8},"end":{"line":103,"column":9}},{"start":{"line":100,"column":15},"end":{"line":103,"column":9}}],"line":87},"15":{"loc":{"start":{"line":89,"column":35},"end":{"line":89,"column":97}},"type":"cond-expr","locations":[{"start":{"line":89,"column":76},"end":{"line":89,"column":86}},{"start":{"line":89,"column":89},"end":{"line":89,"column":97}}],"line":89},"16":{"loc":{"start":{"line":93,"column":12},"end":{"line":99,"column":13}},"type":"if","locations":[{"start":{"line":93,"column":12},"end":{"line":99,"column":13}},{"start":{"line":96,"column":19},"end":{"line":99,"column":13}}],"line":93},"17":{"loc":{"start":{"line":113,"column":4},"end":{"line":115,"column":5}},"type":"if","locations":[{"start":{"line":113,"column":4},"end":{"line":115,"column":5}},{"start":{},"end":{}}],"line":113},"18":{"loc":{"start":{"line":113,"column":8},"end":{"line":113,"column":81}},"type":"binary-expr","locations":[{"start":{"line":113,"column":8},"end":{"line":113,"column":44}},{"start":{"line":113,"column":48},"end":{"line":113,"column":81}}],"line":113},"19":{"loc":{"start":{"line":117,"column":4},"end":{"line":119,"column":52}},"type":"if","locations":[{"start":{"line":117,"column":4},"end":{"line":119,"column":52}},{"start":{"line":118,"column":9},"end":{"line":119,"column":52}}],"line":117},"20":{"loc":{"start":{"line":117,"column":8},"end":{"line":117,"column":44}},"type":"binary-expr","locations":[{"start":{"line":117,"column":8},"end":{"line":117,"column":14}},{"start":{"line":117,"column":18},"end":{"line":117,"column":44}}],"line":117},"21":{"loc":{"start":{"line":118,"column":9},"end":{"line":119,"column":52}},"type":"if","locations":[{"start":{"line":118,"column":9},"end":{"line":119,"column":52}},{"start":{"line":119,"column":9},"end":{"line":119,"column":52}}],"line":118},"22":{"loc":{"start":{"line":118,"column":13},"end":{"line":118,"column":49}},"type":"binary-expr","locations":[{"start":{"line":118,"column":13},"end":{"line":118,"column":19}},{"start":{"line":118,"column":23},"end":{"line":118,"column":49}}],"line":118},"23":{"loc":{"start":{"line":125,"column":4},"end":{"line":126,"column":26}},"type":"if","locations":[{"start":{"line":125,"column":4},"end":{"line":126,"column":26}},{"start":{"line":126,"column":9},"end":{"line":126,"column":26}}],"line":125},"24":{"loc":{"start":{"line":127,"column":12},"end":{"line":127,"column":45}},"type":"binary-expr","locations":[{"start":{"line":127,"column":12},"end":{"line":127,"column":24}},{"start":{"line":127,"column":28},"end":{"line":127,"column":45}}],"line":127}},"s":{"0":1,"1":1,"2":1,"3":3,"4":1,"5":2,"6":1,"7":1,"8":1,"9":1,"10":1,"11":1,"12":1,"13":1,"14":1,"15":1,"16":1,"17":2,"18":2,"19":1,"20":1,"21":3,"22":1,"23":1,"24":3,"25":2,"26":2,"27":1,"28":1,"29":1,"30":1,"31":1,"32":1,"33":1,"34":7,"35":7,"36":7,"37":5,"38":5,"39":2,"40":2,"41":6,"42":5,"43":5,"44":5,"45":2,"46":2,"47":2,"48":2,"49":2,"50":2,"51":2,"52":2,"53":0,"54":0,"55":3,"56":3,"57":1,"58":1,"59":5,"60":5,"61":1,"62":4,"63":2,"64":2,"65":1,"66":1,"67":2,"68":2,"69":2,"70":2,"71":0,"72":2,"73":2,"74":1,"75":1,"76":1},"f":{"0":3,"1":2,"2":3,"3":3,"4":1,"5":0,"6":7,"7":6,"8":5,"9":2,"10":2,"11":1},"b":{"0":[1,2],"1":[1,1],"2":[1,0],"3":[1,1],"4":[1,0],"5":[1,1],"6":[1,1],"7":[2,1],"8":[1,1],"9":[0],"10":[0],"11":[7,0],"12":[5,2],"13":[5,1],"14":[2,3],"15":[1,1],"16":[2,0],"17":[1,4],"18":[5,2],"19":[2,2],"20":[4,3],"21":[1,1],"22":[2,1],"23":[2,0],"24":[2,1]},"_coverageSchema":"1a1c01bbd47fc00a2c39e90264f33305004495a9","hash":"0492f44f0185b8712a267bd358b742efb4adf245"}
,"C:\\Users\\swagm\\Documents\\Projects\\Revature\\foundations_project\\src\\service\\userService.js": {"path":"C:\\Users\\swagm\\Documents\\Projects\\Revature\\foundations_project\\src\\service\\userService.js","statementMap":{"0":{"start":{"line":1,"column":16},"end":{"line":1,"column":48}},"1":{"start":{"line":2,"column":15},"end":{"line":2,"column":32}},"2":{"start":{"line":3,"column":19},"end":{"line":3,"column":44}},"3":{"start":{"line":5,"column":18},"end":{"line":5,"column":33}},"4":{"start":{"line":8,"column":23},"end":{"line":8,"column":25}},"5":{"start":{"line":9,"column":4},"end":{"line":29,"column":5}},"6":{"start":{"line":11,"column":8},"end":{"line":24,"column":9}},"7":{"start":{"line":12,"column":29},"end":{"line":12,"column":73}},"8":{"start":{"line":13,"column":25},"end":{"line":18,"column":14}},"9":{"start":{"line":19,"column":12},"end":{"line":19,"column":70}},"10":{"start":{"line":20,"column":12},"end":{"line":20,"column":24}},"11":{"start":{"line":22,"column":12},"end":{"line":22,"column":70}},"12":{"start":{"line":23,"column":12},"end":{"line":23,"column":27}},"13":{"start":{"line":27,"column":8},"end":{"line":27,"column":72}},"14":{"start":{"line":28,"column":8},"end":{"line":28,"column":20}},"15":{"start":{"line":33,"column":17},"end":{"line":33,"column":50}},"16":{"start":{"line":34,"column":4},"end":{"line":40,"column":5}},"17":{"start":{"line":35,"column":8},"end":{"line":35,"column":50}},"18":{"start":{"line":36,"column":8},"end":{"line":36,"column":20}},"19":{"start":{"line":38,"column":8},"end":{"line":38,"column":49}},"20":{"start":{"line":39,"column":8},"end":{"line":39,"column":20}},"21":{"start":{"line":44,"column":4},"end":{"line":53,"column":5}},"22":{"start":{"line":45,"column":21},"end":{"line":45,"column":62}},"23":{"start":{"line":46,"column":8},"end":{"line":52,"column":9}},"24":{"start":{"line":47,"column":12},"end":{"line":47,"column":75}},"25":{"start":{"line":48,"column":12},"end":{"line":48,"column":24}},"26":{"start":{"line":50,"column":12},"end":{"line":50,"column":67}},"27":{"start":{"line":51,"column":12},"end":{"line":51,"column":24}},"28":{"start":{"line":57,"column":4},"end":{"line":66,"column":5}},"29":{"start":{"line":58,"column":21},"end":{"line":58,"column":62}},"30":{"start":{"line":59,"column":8},"end":{"line":65,"column":9}},"31":{"start":{"line":60,"column":12},"end":{"line":60,"column":67}},"32":{"start":{"line":61,"column":12},"end":{"line":61,"column":25}},"33":{"start":{"line":63,"column":12},"end":{"line":63,"column":67}},"34":{"start":{"line":64,"column":12},"end":{"line":64,"column":24}},"35":{"start":{"line":70,"column":4},"end":{"line":79,"column":5}},"36":{"start":{"line":71,"column":21},"end":{"line":71,"column":54}},"37":{"start":{"line":72,"column":8},"end":{"line":78,"column":9}},"38":{"start":{"line":73,"column":12},"end":{"line":73,"column":69}},"39":{"start":{"line":74,"column":12},"end":{"line":74,"column":24}},"40":{"start":{"line":76,"column":12},"end":{"line":76,"column":59}},"41":{"start":{"line":77,"column":12},"end":{"line":77,"column":24}},"42":{"start":{"line":83,"column":27},"end":{"line":83,"column":51}},"43":{"start":{"line":84,"column":27},"end":{"line":84,"column":51}},"44":{"start":{"line":85,"column":4},"end":{"line":85,"column":46}},"45":{"start":{"line":88,"column":0},"end":{"line":92,"column":1}}},"fnMap":{"0":{"name":"postUser","decl":{"start":{"line":7,"column":15},"end":{"line":7,"column":23}},"loc":{"start":{"line":7,"column":30},"end":{"line":30,"column":1}},"line":7},"1":{"name":"validateLogin","decl":{"start":{"line":32,"column":15},"end":{"line":32,"column":28}},"loc":{"start":{"line":32,"column":49},"end":{"line":41,"column":1}},"line":32},"2":{"name":"getUserByUsername","decl":{"start":{"line":43,"column":15},"end":{"line":43,"column":32}},"loc":{"start":{"line":43,"column":42},"end":{"line":54,"column":1}},"line":43},"3":{"name":"isUsernameAvailable","decl":{"start":{"line":56,"column":15},"end":{"line":56,"column":34}},"loc":{"start":{"line":56,"column":44},"end":{"line":67,"column":1}},"line":56},"4":{"name":"getUserById","decl":{"start":{"line":69,"column":15},"end":{"line":69,"column":26}},"loc":{"start":{"line":69,"column":35},"end":{"line":80,"column":1}},"line":69},"5":{"name":"validateUser","decl":{"start":{"line":82,"column":9},"end":{"line":82,"column":21}},"loc":{"start":{"line":82,"column":28},"end":{"line":86,"column":1}},"line":82}},"branchMap":{"0":{"loc":{"start":{"line":9,"column":4},"end":{"line":29,"column":5}},"type":"if","locations":[{"start":{"line":9,"column":4},"end":{"line":29,"column":5}},{"start":{"line":26,"column":11},"end":{"line":29,"column":5}}],"line":9},"1":{"loc":{"start":{"line":11,"column":8},"end":{"line":24,"column":9}},"type":"if","locations":[{"start":{"line":11,"column":8},"end":{"line":24,"column":9}},{"start":{"line":21,"column":15},"end":{"line":24,"column":9}}],"line":11},"2":{"loc":{"start":{"line":34,"column":4},"end":{"line":40,"column":5}},"type":"if","locations":[{"start":{"line":34,"column":4},"end":{"line":40,"column":5}},{"start":{"line":37,"column":11},"end":{"line":40,"column":5}}],"line":34},"3":{"loc":{"start":{"line":34,"column":8},"end":{"line":34,"column":63}},"type":"binary-expr","locations":[{"start":{"line":34,"column":8},"end":{"line":34,"column":12}},{"start":{"line":34,"column":17},"end":{"line":34,"column":62}}],"line":34},"4":{"loc":{"start":{"line":44,"column":4},"end":{"line":53,"column":5}},"type":"if","locations":[{"start":{"line":44,"column":4},"end":{"line":53,"column":5}},{"start":{},"end":{}}],"line":44},"5":{"loc":{"start":{"line":46,"column":8},"end":{"line":52,"column":9}},"type":"if","locations":[{"start":{"line":46,"column":8},"end":{"line":52,"column":9}},{"start":{"line":49,"column":15},"end":{"line":52,"column":9}}],"line":46},"6":{"loc":{"start":{"line":57,"column":4},"end":{"line":66,"column":5}},"type":"if","locations":[{"start":{"line":57,"column":4},"end":{"line":66,"column":5}},{"start":{},"end":{}}],"line":57},"7":{"loc":{"start":{"line":59,"column":8},"end":{"line":65,"column":9}},"type":"if","locations":[{"start":{"line":59,"column":8},"end":{"line":65,"column":9}},{"start":{"line":62,"column":15},"end":{"line":65,"column":9}}],"line":59},"8":{"loc":{"start":{"line":70,"column":4},"end":{"line":79,"column":5}},"type":"if","locations":[{"start":{"line":70,"column":4},"end":{"line":79,"column":5}},{"start":{},"end":{}}],"line":70},"9":{"loc":{"start":{"line":72,"column":8},"end":{"line":78,"column":9}},"type":"if","locations":[{"start":{"line":72,"column":8},"end":{"line":78,"column":9}},{"start":{"line":75,"column":15},"end":{"line":78,"column":9}}],"line":72},"10":{"loc":{"start":{"line":85,"column":12},"end":{"line":85,"column":44}},"type":"binary-expr","locations":[{"start":{"line":85,"column":12},"end":{"line":85,"column":26}},{"start":{"line":85,"column":30},"end":{"line":85,"column":44}}],"line":85}},"s":{"0":1,"1":1,"2":1,"3":1,"4":3,"5":3,"6":2,"7":1,"8":1,"9":1,"10":1,"11":1,"12":1,"13":1,"14":1,"15":3,"16":3,"17":1,"18":1,"19":2,"20":2,"21":3,"22":3,"23":3,"24":2,"25":2,"26":1,"27":1,"28":2,"29":2,"30":2,"31":1,"32":1,"33":1,"34":1,"35":2,"36":2,"37":2,"38":1,"39":1,"40":1,"41":1,"42":3,"43":3,"44":3,"45":1},"f":{"0":3,"1":3,"2":3,"3":2,"4":2,"5":3},"b":{"0":[2,1],"1":[1,1],"2":[1,2],"3":[3,2],"4":[3,0],"5":[2,1],"6":[2,0],"7":[1,1],"8":[2,0],"9":[1,1],"10":[3,2]},"_coverageSchema":"1a1c01bbd47fc00a2c39e90264f33305004495a9","hash":"89206da29edfe5458764a27158c62bd0c3d266e0"}
,"C:\\Users\\swagm\\Documents\\Projects\\Revature\\foundations_project\\src\\util\\logger.js": {"path":"C:\\Users\\swagm\\Documents\\Projects\\Revature\\foundations_project\\src\\util\\logger.js","statementMap":{"0":{"start":{"line":1,"column":45},"end":{"line":1,"column":63}},"1":{"start":{"line":3,"column":15},"end":{"line":14,"column":2}},"2":{"start":{"line":7,"column":6},"end":{"line":7,"column":51}},"3":{"start":{"line":18,"column":4},"end":{"line":18,"column":55}},"4":{"start":{"line":19,"column":4},"end":{"line":19,"column":11}},"5":{"start":{"line":22,"column":0},"end":{"line":25,"column":2}}},"fnMap":{"0":{"name":"(anonymous_0)","decl":{"start":{"line":6,"column":18},"end":{"line":6,"column":19}},"loc":{"start":{"line":6,"column":53},"end":{"line":8,"column":5}},"line":6},"1":{"name":"loggerMiddleware","decl":{"start":{"line":17,"column":9},"end":{"line":17,"column":25}},"loc":{"start":{"line":17,"column":41},"end":{"line":20,"column":1}},"line":17}},"branchMap":{},"s":{"0":2,"1":2,"2":0,"3":0,"4":0,"5":2},"f":{"0":0,"1":0},"b":{},"_coverageSchema":"1a1c01bbd47fc00a2c39e90264f33305004495a9","hash":"368cf821f2ccf5b98f3d52ea7544d8eb7d719351"}
}
