TN:
SF:src\repository\ticketDAO.js
FN:10,postTicket
FN:26,getAllPendingTickets
FN:45,getTicketsByStatus
FN:95,getTicketsByUsername
FN:114,getTicketById
FN:132,countTickets
FNF:6
FNH:0
FNDA:0,postTicket
FNDA:0,getAllPendingTickets
FNDA:0,getTicketsByStatus
FNDA:0,getTicketsByUsername
FNDA:0,getTicketById
FNDA:0,countTickets
DA:1,1
DA:2,1
DA:3,1
DA:5,1
DA:6,1
DA:8,1
DA:11,0
DA:16,0
DA:17,0
DA:18,0
DA:19,0
DA:21,0
DA:22,0
DA:27,0
DA:35,0
DA:36,0
DA:37,0
DA:38,0
DA:40,0
DA:41,0
DA:96,0
DA:104,0
DA:105,0
DA:106,0
DA:107,0
DA:109,0
DA:110,0
DA:115,0
DA:122,0
DA:123,0
DA:124,0
DA:125,0
DA:127,0
DA:128,0
DA:133,0
DA:138,0
DA:139,0
DA:140,0
DA:141,0
DA:143,0
DA:144,0
DA:148,1
LF:42
LH:7
BRDA:45,0,0,0
BRDA:45,1,0,0
BRF:2
BRH:0
end_of_record
TN:
SF:src\repository\userDAO.js
FN:10,postUser
FN:26,getUserByUsername
FN:44,getUserById
FNF:3
FNH:0
FNDA:0,postUser
FNDA:0,getUserByUsername
FNDA:0,getUserById
DA:1,1
DA:2,1
DA:3,1
DA:5,1
DA:6,1
DA:8,1
DA:11,0
DA:16,0
DA:17,0
DA:18,0
DA:19,0
DA:21,0
DA:22,0
DA:27,0
DA:34,0
DA:35,0
DA:36,0
DA:37,0
DA:39,0
DA:40,0
DA:45,0
DA:52,0
DA:53,0
DA:54,0
DA:55,0
DA:57,0
DA:58,0
DA:62,1
LF:28
LH:7
BRF:0
BRH:0
end_of_record
TN:
SF:src\service\ticketService.js
FN:6,postTicket
FN:31,getAllPendingTickets
FN:35,(anonymous_2)
FN:43,getTicketsByUsername
FN:48,(anonymous_4)
FN:59,getTicketsByStatus
FN:70,getTicketById
FN:83,handleTicket
FN:110,verifyLegalProcess
FN:122,validateTicket
FN:130,checkAccess
FN:134,countTickets
FNF:12
FNH:11
FNDA:3,postTicket
FNDA:2,getAllPendingTickets
FNDA:3,(anonymous_2)
FNDA:3,getTicketsByUsername
FNDA:1,(anonymous_4)
FNDA:0,getTicketsByStatus
FNDA:7,getTicketById
FNDA:6,handleTicket
FNDA:5,verifyLegalProcess
FNDA:2,validateTicket
FNDA:2,checkAccess
FNDA:1,countTickets
DA:1,1
DA:2,1
DA:4,1
DA:8,3
DA:9,1
DA:10,2
DA:11,1
DA:19,1
DA:20,1
DA:21,1
DA:23,1
DA:24,1
DA:25,1
DA:26,1
DA:27,1
DA:32,2
DA:33,2
DA:34,1
DA:35,3
DA:37,1
DA:38,1
DA:44,3
DA:45,2
DA:46,2
DA:47,1
DA:48,1
DA:50,1
DA:51,1
DA:54,1
DA:55,1
DA:71,7
DA:72,7
DA:73,7
DA:74,5
DA:75,5
DA:77,2
DA:78,2
DA:84,6
DA:85,5
DA:86,5
DA:87,5
DA:88,2
DA:89,2
DA:90,2
DA:91,2
DA:92,2
DA:93,2
DA:94,2
DA:95,2
DA:97,0
DA:98,0
DA:101,3
DA:102,3
DA:105,1
DA:106,1
DA:111,5
DA:113,5
DA:114,1
DA:117,4
DA:118,2
DA:119,1
DA:123,2
DA:124,2
DA:125,2
DA:126,0
DA:127,2
DA:131,2
DA:135,1
DA:138,1
DA:140,1
LF:70
LH:67
BRDA:8,0,0,1
BRDA:8,0,1,2
BRDA:10,1,0,1
BRDA:10,1,1,1
BRDA:24,2,0,1
BRDA:24,2,1,0
BRDA:24,3,0,1
BRDA:24,3,1,1
BRDA:25,4,0,1
BRDA:25,4,1,0
BRDA:25,5,0,1
BRDA:25,5,1,1
BRDA:33,6,0,1
BRDA:33,6,1,1
BRDA:44,7,0,2
BRDA:44,7,1,1
BRDA:46,8,0,1
BRDA:46,8,1,1
BRDA:59,9,0,0
BRDA:59,10,0,0
BRDA:71,11,0,7
BRDA:71,11,1,0
BRDA:73,12,0,5
BRDA:73,12,1,2
BRDA:84,13,0,5
BRDA:84,13,1,1
BRDA:87,14,0,2
BRDA:87,14,1,3
BRDA:89,15,0,1
BRDA:89,15,1,1
BRDA:93,16,0,2
BRDA:93,16,1,0
BRDA:113,17,0,1
BRDA:113,17,1,4
BRDA:113,18,0,5
BRDA:113,18,1,2
BRDA:117,19,0,2
BRDA:117,19,1,2
BRDA:117,20,0,4
BRDA:117,20,1,3
BRDA:118,21,0,1
BRDA:118,21,1,1
BRDA:118,22,0,2
BRDA:118,22,1,1
BRDA:125,23,0,2
BRDA:125,23,1,0
BRDA:127,24,0,2
BRDA:127,24,1,1
BRF:48
BRH:41
end_of_record
TN:
SF:src\service\userService.js
FN:7,postUser
FN:32,validateLogin
FN:43,getUserByUsername
FN:56,isUsernameAvailable
FN:69,getUserById
FN:82,validateUser
FNF:6
FNH:6
FNDA:3,postUser
FNDA:3,validateLogin
FNDA:3,getUserByUsername
FNDA:2,isUsernameAvailable
FNDA:2,getUserById
FNDA:3,validateUser
DA:1,1
DA:2,1
DA:3,1
DA:5,1
DA:8,3
DA:9,3
DA:11,2
DA:12,1
DA:13,1
DA:19,1
DA:20,1
DA:22,1
DA:23,1
DA:27,1
DA:28,1
DA:33,3
DA:34,3
DA:35,1
DA:36,1
DA:38,2
DA:39,2
DA:44,3
DA:45,3
DA:46,3
DA:47,2
DA:48,2
DA:50,1
DA:51,1
DA:57,2
DA:58,2
DA:59,2
DA:60,1
DA:61,1
DA:63,1
DA:64,1
DA:70,2
DA:71,2
DA:72,2
DA:73,1
DA:74,1
DA:76,1
DA:77,1
DA:83,3
DA:84,3
DA:85,3
DA:88,1
LF:46
LH:46
BRDA:9,0,0,2
BRDA:9,0,1,1
BRDA:11,1,0,1
BRDA:11,1,1,1
BRDA:34,2,0,1
BRDA:34,2,1,2
BRDA:34,3,0,3
BRDA:34,3,1,2
BRDA:44,4,0,3
BRDA:44,4,1,0
BRDA:46,5,0,2
BRDA:46,5,1,1
BRDA:57,6,0,2
BRDA:57,6,1,0
BRDA:59,7,0,1
BRDA:59,7,1,1
BRDA:70,8,0,2
BRDA:70,8,1,0
BRDA:72,9,0,1
BRDA:72,9,1,1
BRDA:85,10,0,3
BRDA:85,10,1,2
BRF:22
BRH:19
end_of_record
TN:
SF:src\util\logger.js
FN:6,(anonymous_0)
FN:17,loggerMiddleware
FNF:2
FNH:0
FNDA:0,(anonymous_0)
FNDA:0,loggerMiddleware
DA:1,2
DA:3,2
DA:7,0
DA:18,0
DA:19,0
DA:22,2
LF:6
LH:3
BRF:0
BRH:0
end_of_record
